[debug] [2024-10-08T10:17:38.691Z] ----------------------------------------------------------------------
[debug] [2024-10-08T10:17:38.694Z] Command:       C:\Program Files\nodejs\node.exe C:\Users\Eganow Samson\AppData\Roaming\npm\node_modules\firebase-tools\lib\bin\firebase.js init hosting
[debug] [2024-10-08T10:17:38.694Z] CLI Version:   13.16.0
[debug] [2024-10-08T10:17:38.694Z] Platform:      win32
[debug] [2024-10-08T10:17:38.694Z] Node Version:  v20.15.1
[debug] [2024-10-08T10:17:38.694Z] Time:          Tue Oct 08 2024 10:17:38 GMT+0000 (Greenwich Mean Time)
[debug] [2024-10-08T10:17:38.694Z] ----------------------------------------------------------------------
[debug] 
[debug] [2024-10-08T10:17:38.698Z] >>> [apiv2][query] GET https://firebase-public.firebaseio.com/cli.json [none]
[debug] [2024-10-08T10:17:38.770Z] > command requires scopes: ["email","openid","https://www.googleapis.com/auth/cloudplatformprojects.readonly","https://www.googleapis.com/auth/firebase","https://www.googleapis.com/auth/cloud-platform"]
[debug] [2024-10-08T10:17:38.770Z] > authorizing via signed-in user (codemayeem@gmail.com)
[info] 
     ######## #### ########  ######## ########     ###     ######  ########
     ##        ##  ##     ## ##       ##     ##  ##   ##  ##       ##
     ######    ##  ########  ######   ########  #########  ######  ######
     ##        ##  ##    ##  ##       ##     ## ##     ##       ## ##
     ##       #### ##     ## ######## ########  ##     ##  ######  ########

You're about to initialize a Firebase project in this directory:

  C:\Users\Eganow Samson\Desktop\Labels\KimotoLabels\KimoCommerce

[debug] [2024-10-08T10:17:39.362Z] <<< [apiv2][status] GET https://firebase-public.firebaseio.com/cli.json 200
[debug] [2024-10-08T10:17:39.363Z] <<< [apiv2][body] GET https://firebase-public.firebaseio.com/cli.json {"cloudBuildErrorAfter":1594252800000,"cloudBuildWarnAfter":1590019200000,"defaultNode10After":1594252800000,"minVersion":"3.0.5","node8DeploysDisabledAfter":1613390400000,"node8RuntimeDisabledAfter":1615809600000,"node8WarnAfter":1600128000000}
[info] 
=== Project Setup
[info] 
[info] First, let's associate this project directory with a Firebase project.
[info] You can create multiple project aliases by running firebase use --add, 
[info] but for now we'll just set up a default project.
[info] 
[debug] [2024-10-08T10:17:56.439Z] > refreshing access token with scopes: []
[debug] [2024-10-08T10:17:56.441Z] >>> [apiv2][query] POST https://www.googleapis.com/oauth2/v3/token [none]
[debug] [2024-10-08T10:17:56.441Z] >>> [apiv2][body] POST https://www.googleapis.com/oauth2/v3/token [omitted]
[debug] [2024-10-08T10:17:56.979Z] <<< [apiv2][status] POST https://www.googleapis.com/oauth2/v3/token 200
[debug] [2024-10-08T10:17:56.979Z] <<< [apiv2][body] POST https://www.googleapis.com/oauth2/v3/token [omitted]
[debug] [2024-10-08T10:17:56.987Z] >>> [apiv2][query] GET https://firebase.googleapis.com/v1beta1/projects pageSize=100
[debug] [2024-10-08T10:17:57.829Z] <<< [apiv2][status] GET https://firebase.googleapis.com/v1beta1/projects 200
[debug] [2024-10-08T10:17:57.829Z] <<< [apiv2][body] GET https://firebase.googleapis.com/v1beta1/projects [omitted]
[debug] [2024-10-08T10:20:19.206Z] ----------------------------------------------------------------------
[debug] [2024-10-08T10:20:19.208Z] Command:       C:\Program Files\nodejs\node.exe C:\Users\Eganow Samson\AppData\Roaming\npm\node_modules\firebase-tools\lib\bin\firebase.js init hosting
[debug] [2024-10-08T10:20:19.209Z] CLI Version:   13.16.0
[debug] [2024-10-08T10:20:19.209Z] Platform:      win32
[debug] [2024-10-08T10:20:19.209Z] Node Version:  v20.15.1
[debug] [2024-10-08T10:20:19.209Z] Time:          Tue Oct 08 2024 10:20:19 GMT+0000 (Greenwich Mean Time)
[debug] [2024-10-08T10:20:19.209Z] ----------------------------------------------------------------------
[debug] 
[debug] [2024-10-08T10:20:19.214Z] > command requires scopes: ["email","openid","https://www.googleapis.com/auth/cloudplatformprojects.readonly","https://www.googleapis.com/auth/firebase","https://www.googleapis.com/auth/cloud-platform"]
[debug] [2024-10-08T10:20:19.215Z] > authorizing via signed-in user (codemayeem@gmail.com)
[info] 
     ######## #### ########  ######## ########     ###     ######  ########
     ##        ##  ##     ## ##       ##     ##  ##   ##  ##       ##
     ######    ##  ########  ######   ########  #########  ######  ######
     ##        ##  ##    ##  ##       ##     ## ##     ##       ## ##
     ##       #### ##     ## ######## ########  ##     ##  ######  ########

You're about to initialize a Firebase project in this directory:

  C:\Users\Eganow Samson\Desktop\Labels\KimotoLabels\KimoCommerce

[info] 
=== Project Setup
[info] 
[info] First, let's associate this project directory with a Firebase project.
[info] You can create multiple project aliases by running firebase use --add, 
[info] but for now we'll just set up a default project.
[info] 
[info] i  If you want to create a project in a Google Cloud organization or folder, please use "firebase projects:create" instead, and return to this command when you've created the project. 
[debug] [2024-10-08T10:20:50.717Z] >>> [apiv2][query] POST https://cloudresourcemanager.googleapis.com/v1/projects [none]
[debug] [2024-10-08T10:20:50.718Z] >>> [apiv2][body] POST https://cloudresourcemanager.googleapis.com/v1/projects {"projectId":"soft","name":"softmarkup"}
[debug] [2024-10-08T10:20:52.071Z] <<< [apiv2][status] POST https://cloudresourcemanager.googleapis.com/v1/projects 400
[debug] [2024-10-08T10:20:52.072Z] <<< [apiv2][body] POST https://cloudresourcemanager.googleapis.com/v1/projects {"error":{"code":400,"message":"field [project_id] has issue [project_id must be at least 6 characters long]","status":"INVALID_ARGUMENT","details":[{"@type":"type.googleapis.com/google.rpc.BadRequest","fieldViolations":[{"field":"project_id","description":"project_id must be at least 6 characters long"}]},{"@type":"type.googleapis.com/google.rpc.Help","links":[{"url":"https://cloud.google.com/resource-manager/reference/rest/v1/projects"}]}]}}
[debug] [2024-10-08T10:20:52.503Z] FirebaseError: HTTP Error: 400, field [project_id] has issue [project_id must be at least 6 characters long]
    at responseToError (C:\Users\Eganow Samson\AppData\Roaming\npm\node_modules\firebase-tools\lib\responseToError.js:49:12)
    at RetryOperation._fn (C:\Users\Eganow Samson\AppData\Roaming\npm\node_modules\firebase-tools\lib\apiv2.js:305:77)
    at process.processTicksAndRejections (node:internal/process/task_queues:95:5)
[error] 
[error] Error: Failed to create project. See firebase-debug.log for more info.
[debug] [2024-10-08T10:22:07.678Z] ----------------------------------------------------------------------
[debug] [2024-10-08T10:22:07.680Z] Command:       C:\Program Files\nodejs\node.exe C:\Users\Eganow Samson\AppData\Roaming\npm\node_modules\firebase-tools\lib\bin\firebase.js init hosting
[debug] [2024-10-08T10:22:07.680Z] CLI Version:   13.21.0
[debug] [2024-10-08T10:22:07.681Z] Platform:      win32
[debug] [2024-10-08T10:22:07.681Z] Node Version:  v20.15.1
[debug] [2024-10-08T10:22:07.681Z] Time:          Tue Oct 08 2024 10:22:07 GMT+0000 (Greenwich Mean Time)
[debug] [2024-10-08T10:22:07.681Z] ----------------------------------------------------------------------
[debug] 
[debug] [2024-10-08T10:22:07.686Z] > command requires scopes: ["email","openid","https://www.googleapis.com/auth/cloudplatformprojects.readonly","https://www.googleapis.com/auth/firebase","https://www.googleapis.com/auth/cloud-platform"]
[debug] [2024-10-08T10:22:07.686Z] > authorizing via signed-in user (codemayeem@gmail.com)
[info] 
     ######## #### ########  ######## ########     ###     ######  ########
     ##        ##  ##     ## ##       ##     ##  ##   ##  ##       ##
     ######    ##  ########  ######   ########  #########  ######  ######
     ##        ##  ##    ##  ##       ##     ## ##     ##       ## ##
     ##       #### ##     ## ######## ########  ##     ##  ######  ########

You're about to initialize a Firebase project in this directory:

  C:\Users\Eganow Samson\Desktop\Labels\KimotoLabels\KimoCommerce

[info] 
=== Project Setup
[info] 
[info] First, let's associate this project directory with a Firebase project.
[info] You can create multiple project aliases by running firebase use --add, 
[info] but for now we'll just set up a default project.
[info] 
[info] i  If you want to create a project in a Google Cloud organization or folder, please use "firebase projects:create" instead, and return to this command when you've created the project. 
[debug] [2024-10-08T10:22:30.368Z] Checked if tokens are valid: true, expires at: 1728386275979
[debug] [2024-10-08T10:22:30.368Z] Checked if tokens are valid: true, expires at: 1728386275979
[debug] [2024-10-08T10:22:30.369Z] >>> [apiv2][query] POST https://cloudresourcemanager.googleapis.com/v1/projects [none]
[debug] [2024-10-08T10:22:30.369Z] >>> [apiv2][body] POST https://cloudresourcemanager.googleapis.com/v1/projects {"projectId":"soft","name":"softmarkup"}
[debug] [2024-10-08T10:22:31.594Z] <<< [apiv2][status] POST https://cloudresourcemanager.googleapis.com/v1/projects 400
[debug] [2024-10-08T10:22:31.594Z] <<< [apiv2][body] POST https://cloudresourcemanager.googleapis.com/v1/projects {"error":{"code":400,"message":"field [project_id] has issue [project_id must be at least 6 characters long]","status":"INVALID_ARGUMENT","details":[{"@type":"type.googleapis.com/google.rpc.BadRequest","fieldViolations":[{"field":"project_id","description":"project_id must be at least 6 characters long"}]},{"@type":"type.googleapis.com/google.rpc.Help","links":[{"url":"https://cloud.google.com/resource-manager/reference/rest/v1/projects"}]}]}}
[debug] [2024-10-08T10:22:31.963Z] FirebaseError: HTTP Error: 400, field [project_id] has issue [project_id must be at least 6 characters long]
    at responseToError (C:\Users\Eganow Samson\AppData\Roaming\npm\node_modules\firebase-tools\lib\responseToError.js:49:12)
    at RetryOperation._fn (C:\Users\Eganow Samson\AppData\Roaming\npm\node_modules\firebase-tools\lib\apiv2.js:312:77)
    at process.processTicksAndRejections (node:internal/process/task_queues:95:5)
[error] 
[error] Error: Failed to create project. See firebase-debug.log for more info.
